Arguments: 
  /usr/local/Cellar/node/8.1.4/bin/node /usr/local/bin/yarn add map-reverse

PATH: 
  /usr/local/bin:/usr/bin:/bin:/usr/sbin:/sbin:/opt/X11/bin:/Library/Frameworks/Mono.framework/Versions/Current/Commands

Yarn version: 
  1.3.2

Node version: 
  8.1.4

Platform: 
  darwin x64

npm manifest: 
  {
    "name": "ClosebraceDemo",
    "version": "1.0",
    "description": "Demo from Closebrace video series",
    "main": "index.js",
    "repository": "https://github.com/petefitz4/Codebreak-demo.git",
    "author": "petefitz4 <petefitz4@gmail.com>",
    "license": "MIT"
  }

yarn manifest: 
  No manifest

Lockfile: 
  No lockfile

Trace: 
  Error: getaddrinfo ENOTFOUND registry.yarnpkg.com registry.yarnpkg.com:443
      at errnoException (dns.js:50:10)
      at GetAddrInfoReqWrap.onlookup [as oncomplete] (dns.js:91:26)
